[25-Jul-2023 12:12:01 UTC] WordPress database error Table 'wp_e_events' already exists for query CREATE TABLE `wp_e_events` (
			id bigint(20) unsigned auto_increment primary key,
			event_data text null,
			created_at datetime not null
		) DEFAULT CHARACTER SET utf8mb4 COLLATE utf8mb4_unicode_520_ci; made by require_once('wp-load.php'), require_once('wp-config.php'), require_once('wp-settings.php'), do_action('init'), WP_Hook->do_action, WP_Hook->apply_filters, Elementor\Plugin->init, Elementor\Plugin->init_components, Elementor\Core\Admin\Admin->__construct, Elementor\Plugin->init_common, Elementor\Core\Common\App->init_components, Elementor\Core\Common\Modules\EventTracker\Module->__construct, Elementor\Core\Common\Modules\EventTracker\DB->__construct, Elementor\Core\Common\Modules\EventTracker\DB->create_table
[25-Jul-2023 12:12:02 UTC] WordPress database error Duplicate key name 'created_at_index' for query ALTER TABLE wp_e_events
    		ADD INDEX `created_at_index` (`created_at`)
		 made by require_once('wp-load.php'), require_once('wp-config.php'), require_once('wp-settings.php'), do_action('init'), WP_Hook->do_action, WP_Hook->apply_filters, Elementor\Plugin->init, Elementor\Plugin->init_components, Elementor\Core\Admin\Admin->__construct, Elementor\Plugin->init_common, Elementor\Core\Common\App->init_components, Elementor\Core\Common\Modules\EventTracker\Module->__construct, Elementor\Core\Common\Modules\EventTracker\DB->__construct, Elementor\Core\Common\Modules\EventTracker\DB->add_indexes
[25-Jul-2023 13:31:10 UTC] PHP Warning:  Undefined array key "data" in C:\Users\FARASY Frangilio\Local Sites\mairie-app\app\public\wp-content\plugins\elementor\core\common\modules\ajax\module.php on line 175
[25-Jul-2023 13:31:10 UTC] PHP Warning:  Trying to access array offset on value of type null in C:\Users\FARASY Frangilio\Local Sites\mairie-app\app\public\wp-content\plugins\elementor\modules\history\revisions-manager.php on line 363
[25-Jul-2023 17:04:34 UTC] PHP Warning:  Attempt to read property "title" on null in C:\Users\FARASY Frangilio\Local Sites\mairie-app\app\public\wp-includes\class-wp-customize-widgets.php on line 905
[27-Jul-2023 16:45:53 UTC] PHP Warning:  Undefined array key "id" in C:\Users\FARASY Frangilio\Local Sites\mairie-app\app\public\wp-content\plugins\elementor\includes\managers\image.php on line 36
[27-Jul-2023 16:45:53 UTC] PHP Warning:  Undefined array key "id" in C:\Users\FARASY Frangilio\Local Sites\mairie-app\app\public\wp-content\plugins\elementor\includes\managers\image.php on line 36
[27-Jul-2023 16:45:53 UTC] PHP Warning:  Trying to access array offset on value of type bool in C:\Users\FARASY Frangilio\Local Sites\mairie-app\app\public\wp-content\plugins\elementor\includes\managers\image.php on line 108
[27-Jul-2023 16:45:53 UTC] PHP Warning:  Trying to access array offset on value of type bool in C:\Users\FARASY Frangilio\Local Sites\mairie-app\app\public\wp-content\plugins\elementor\includes\managers\image.php on line 108
[27-Jul-2023 16:45:53 UTC] PHP Warning:  Trying to access array offset on value of type bool in C:\Users\FARASY Frangilio\Local Sites\mairie-app\app\public\wp-content\plugins\elementor\includes\managers\image.php on line 108
[27-Jul-2023 16:45:53 UTC] PHP Warning:  Trying to access array offset on value of type bool in C:\Users\FARASY Frangilio\Local Sites\mairie-app\app\public\wp-content\plugins\elementor\includes\managers\image.php on line 108
[27-Jul-2023 16:45:53 UTC] PHP Warning:  Trying to access array offset on value of type bool in C:\Users\FARASY Frangilio\Local Sites\mairie-app\app\public\wp-content\plugins\elementor\includes\managers\image.php on line 108
[27-Jul-2023 16:45:53 UTC] PHP Warning:  Trying to access array offset on value of type bool in C:\Users\FARASY Frangilio\Local Sites\mairie-app\app\public\wp-content\plugins\elementor\includes\managers\image.php on line 108
[27-Jul-2023 16:45:53 UTC] PHP Warning:  Trying to access array offset on value of type bool in C:\Users\FARASY Frangilio\Local Sites\mairie-app\app\public\wp-content\plugins\elementor\includes\managers\image.php on line 108
[27-Jul-2023 16:45:53 UTC] PHP Warning:  Trying to access array offset on value of type bool in C:\Users\FARASY Frangilio\Local Sites\mairie-app\app\public\wp-content\plugins\elementor\includes\managers\image.php on line 108
[27-Jul-2023 16:46:28 UTC] PHP Warning:  Undefined array key "id" in C:\Users\FARASY Frangilio\Local Sites\mairie-app\app\public\wp-content\plugins\elementor\includes\managers\image.php on line 36
[27-Jul-2023 16:46:28 UTC] PHP Warning:  Undefined array key "id" in C:\Users\FARASY Frangilio\Local Sites\mairie-app\app\public\wp-content\plugins\elementor\includes\managers\image.php on line 36
[27-Jul-2023 16:46:28 UTC] PHP Warning:  Trying to access array offset on value of type bool in C:\Users\FARASY Frangilio\Local Sites\mairie-app\app\public\wp-content\plugins\elementor\includes\managers\image.php on line 108
[27-Jul-2023 16:46:28 UTC] PHP Warning:  Trying to access array offset on value of type bool in C:\Users\FARASY Frangilio\Local Sites\mairie-app\app\public\wp-content\plugins\elementor\includes\managers\image.php on line 108
[27-Jul-2023 16:46:28 UTC] PHP Warning:  Trying to access array offset on value of type bool in C:\Users\FARASY Frangilio\Local Sites\mairie-app\app\public\wp-content\plugins\elementor\includes\managers\image.php on line 108
[27-Jul-2023 16:46:28 UTC] PHP Warning:  Trying to access array offset on value of type bool in C:\Users\FARASY Frangilio\Local Sites\mairie-app\app\public\wp-content\plugins\elementor\includes\managers\image.php on line 108
[27-Jul-2023 16:46:28 UTC] PHP Warning:  Trying to access array offset on value of type bool in C:\Users\FARASY Frangilio\Local Sites\mairie-app\app\public\wp-content\plugins\elementor\includes\managers\image.php on line 108
[27-Jul-2023 16:46:28 UTC] PHP Warning:  Trying to access array offset on value of type bool in C:\Users\FARASY Frangilio\Local Sites\mairie-app\app\public\wp-content\plugins\elementor\includes\managers\image.php on line 108
[27-Jul-2023 16:46:28 UTC] PHP Warning:  Trying to access array offset on value of type bool in C:\Users\FARASY Frangilio\Local Sites\mairie-app\app\public\wp-content\plugins\elementor\includes\managers\image.php on line 108
[27-Jul-2023 16:46:28 UTC] PHP Warning:  Trying to access array offset on value of type bool in C:\Users\FARASY Frangilio\Local Sites\mairie-app\app\public\wp-content\plugins\elementor\includes\managers\image.php on line 108
[27-Jul-2023 16:47:41 UTC] PHP Warning:  Undefined array key "id" in C:\Users\FARASY Frangilio\Local Sites\mairie-app\app\public\wp-content\plugins\elementor\includes\managers\image.php on line 36
[27-Jul-2023 16:47:41 UTC] PHP Warning:  Undefined array key "id" in C:\Users\FARASY Frangilio\Local Sites\mairie-app\app\public\wp-content\plugins\elementor\includes\managers\image.php on line 36
[27-Jul-2023 16:47:41 UTC] PHP Warning:  Trying to access array offset on value of type bool in C:\Users\FARASY Frangilio\Local Sites\mairie-app\app\public\wp-content\plugins\elementor\includes\managers\image.php on line 108
[27-Jul-2023 16:47:41 UTC] PHP Warning:  Trying to access array offset on value of type bool in C:\Users\FARASY Frangilio\Local Sites\mairie-app\app\public\wp-content\plugins\elementor\includes\managers\image.php on line 108
[27-Jul-2023 16:47:41 UTC] PHP Warning:  Trying to access array offset on value of type bool in C:\Users\FARASY Frangilio\Local Sites\mairie-app\app\public\wp-content\plugins\elementor\includes\managers\image.php on line 108
[27-Jul-2023 16:47:41 UTC] PHP Warning:  Trying to access array offset on value of type bool in C:\Users\FARASY Frangilio\Local Sites\mairie-app\app\public\wp-content\plugins\elementor\includes\managers\image.php on line 108
[27-Jul-2023 16:47:41 UTC] PHP Warning:  Trying to access array offset on value of type bool in C:\Users\FARASY Frangilio\Local Sites\mairie-app\app\public\wp-content\plugins\elementor\includes\managers\image.php on line 108
[27-Jul-2023 16:47:41 UTC] PHP Warning:  Trying to access array offset on value of type bool in C:\Users\FARASY Frangilio\Local Sites\mairie-app\app\public\wp-content\plugins\elementor\includes\managers\image.php on line 108
[27-Jul-2023 16:47:41 UTC] PHP Warning:  Trying to access array offset on value of type bool in C:\Users\FARASY Frangilio\Local Sites\mairie-app\app\public\wp-content\plugins\elementor\includes\managers\image.php on line 108
[27-Jul-2023 16:47:41 UTC] PHP Warning:  Trying to access array offset on value of type bool in C:\Users\FARASY Frangilio\Local Sites\mairie-app\app\public\wp-content\plugins\elementor\includes\managers\image.php on line 108
[27-Jul-2023 16:48:46 UTC] PHP Warning:  Undefined array key "id" in C:\Users\FARASY Frangilio\Local Sites\mairie-app\app\public\wp-content\plugins\elementor\includes\managers\image.php on line 36
[27-Jul-2023 16:48:46 UTC] PHP Warning:  Undefined array key "id" in C:\Users\FARASY Frangilio\Local Sites\mairie-app\app\public\wp-content\plugins\elementor\includes\managers\image.php on line 36
[27-Jul-2023 16:48:46 UTC] PHP Warning:  Trying to access array offset on value of type bool in C:\Users\FARASY Frangilio\Local Sites\mairie-app\app\public\wp-content\plugins\elementor\includes\managers\image.php on line 108
[27-Jul-2023 16:48:46 UTC] PHP Warning:  Trying to access array offset on value of type bool in C:\Users\FARASY Frangilio\Local Sites\mairie-app\app\public\wp-content\plugins\elementor\includes\managers\image.php on line 108
[27-Jul-2023 16:48:46 UTC] PHP Warning:  Trying to access array offset on value of type bool in C:\Users\FARASY Frangilio\Local Sites\mairie-app\app\public\wp-content\plugins\elementor\includes\managers\image.php on line 108
[27-Jul-2023 16:48:46 UTC] PHP Warning:  Trying to access array offset on value of type bool in C:\Users\FARASY Frangilio\Local Sites\mairie-app\app\public\wp-content\plugins\elementor\includes\managers\image.php on line 108
[27-Jul-2023 16:48:46 UTC] PHP Warning:  Trying to access array offset on value of type bool in C:\Users\FARASY Frangilio\Local Sites\mairie-app\app\public\wp-content\plugins\elementor\includes\managers\image.php on line 108
[27-Jul-2023 16:48:46 UTC] PHP Warning:  Trying to access array offset on value of type bool in C:\Users\FARASY Frangilio\Local Sites\mairie-app\app\public\wp-content\plugins\elementor\includes\managers\image.php on line 108
[27-Jul-2023 16:48:46 UTC] PHP Warning:  Trying to access array offset on value of type bool in C:\Users\FARASY Frangilio\Local Sites\mairie-app\app\public\wp-content\plugins\elementor\includes\managers\image.php on line 108
[27-Jul-2023 16:48:46 UTC] PHP Warning:  Trying to access array offset on value of type bool in C:\Users\FARASY Frangilio\Local Sites\mairie-app\app\public\wp-content\plugins\elementor\includes\managers\image.php on line 108
[27-Jul-2023 16:48:46 UTC] PHP Warning:  Undefined array key "id" in C:\Users\FARASY Frangilio\Local Sites\mairie-app\app\public\wp-content\plugins\elementor\includes\managers\image.php on line 36
[27-Jul-2023 16:48:46 UTC] PHP Warning:  Undefined array key "id" in C:\Users\FARASY Frangilio\Local Sites\mairie-app\app\public\wp-content\plugins\elementor\includes\managers\image.php on line 36
[27-Jul-2023 16:48:46 UTC] PHP Warning:  Trying to access array offset on value of type bool in C:\Users\FARASY Frangilio\Local Sites\mairie-app\app\public\wp-content\plugins\elementor\includes\managers\image.php on line 108
[27-Jul-2023 16:48:46 UTC] PHP Warning:  Trying to access array offset on value of type bool in C:\Users\FARASY Frangilio\Local Sites\mairie-app\app\public\wp-content\plugins\elementor\includes\managers\image.php on line 108
[27-Jul-2023 16:48:46 UTC] PHP Warning:  Trying to access array offset on value of type bool in C:\Users\FARASY Frangilio\Local Sites\mairie-app\app\public\wp-content\plugins\elementor\includes\managers\image.php on line 108
[27-Jul-2023 16:48:46 UTC] PHP Warning:  Trying to access array offset on value of type bool in C:\Users\FARASY Frangilio\Local Sites\mairie-app\app\public\wp-content\plugins\elementor\includes\managers\image.php on line 108
[27-Jul-2023 16:48:46 UTC] PHP Warning:  Trying to access array offset on value of type bool in C:\Users\FARASY Frangilio\Local Sites\mairie-app\app\public\wp-content\plugins\elementor\includes\managers\image.php on line 108
[27-Jul-2023 16:48:46 UTC] PHP Warning:  Trying to access array offset on value of type bool in C:\Users\FARASY Frangilio\Local Sites\mairie-app\app\public\wp-content\plugins\elementor\includes\managers\image.php on line 108
[27-Jul-2023 16:48:46 UTC] PHP Warning:  Trying to access array offset on value of type bool in C:\Users\FARASY Frangilio\Local Sites\mairie-app\app\public\wp-content\plugins\elementor\includes\managers\image.php on line 108
[27-Jul-2023 16:48:46 UTC] PHP Warning:  Trying to access array offset on value of type bool in C:\Users\FARASY Frangilio\Local Sites\mairie-app\app\public\wp-content\plugins\elementor\includes\managers\image.php on line 108
[27-Jul-2023 16:49:04 UTC] PHP Warning:  Undefined array key "id" in C:\Users\FARASY Frangilio\Local Sites\mairie-app\app\public\wp-content\plugins\elementor\includes\managers\image.php on line 36
[27-Jul-2023 16:49:04 UTC] PHP Warning:  Undefined array key "id" in C:\Users\FARASY Frangilio\Local Sites\mairie-app\app\public\wp-content\plugins\elementor\includes\managers\image.php on line 36
[27-Jul-2023 16:49:04 UTC] PHP Warning:  Trying to access array offset on value of type bool in C:\Users\FARASY Frangilio\Local Sites\mairie-app\app\public\wp-content\plugins\elementor\includes\managers\image.php on line 108
[27-Jul-2023 16:49:04 UTC] PHP Warning:  Trying to access array offset on value of type bool in C:\Users\FARASY Frangilio\Local Sites\mairie-app\app\public\wp-content\plugins\elementor\includes\managers\image.php on line 108
[27-Jul-2023 16:49:04 UTC] PHP Warning:  Trying to access array offset on value of type bool in C:\Users\FARASY Frangilio\Local Sites\mairie-app\app\public\wp-content\plugins\elementor\includes\managers\image.php on line 108
[27-Jul-2023 16:49:04 UTC] PHP Warning:  Trying to access array offset on value of type bool in C:\Users\FARASY Frangilio\Local Sites\mairie-app\app\public\wp-content\plugins\elementor\includes\managers\image.php on line 108
[27-Jul-2023 16:49:04 UTC] PHP Warning:  Trying to access array offset on value of type bool in C:\Users\FARASY Frangilio\Local Sites\mairie-app\app\public\wp-content\plugins\elementor\includes\managers\image.php on line 108
[27-Jul-2023 16:49:04 UTC] PHP Warning:  Trying to access array offset on value of type bool in C:\Users\FARASY Frangilio\Local Sites\mairie-app\app\public\wp-content\plugins\elementor\includes\managers\image.php on line 108
[27-Jul-2023 16:49:04 UTC] PHP Warning:  Trying to access array offset on value of type bool in C:\Users\FARASY Frangilio\Local Sites\mairie-app\app\public\wp-content\plugins\elementor\includes\managers\image.php on line 108
[27-Jul-2023 16:49:04 UTC] PHP Warning:  Trying to access array offset on value of type bool in C:\Users\FARASY Frangilio\Local Sites\mairie-app\app\public\wp-content\plugins\elementor\includes\managers\image.php on line 108
[27-Jul-2023 16:55:37 UTC] PHP Warning:  Une erreur imprévue est survenue. Il pourrait y avoir un problème avec WordPress.org ou la configuration de ce serveur. Si vous continuez à rencontrer ce problème, veuillez vous rendre sur les <a href="https://wpfr.net/support">forums de support</a>. (WordPress n’a pas pu établir de connexion sécurisée vers WordPress.org. Veuillez contacter l’administrateur ou l’administratrice de votre serveur.) in C:\Users\FARASY Frangilio\Local Sites\mairie-app\app\public\wp-admin\includes\translation-install.php on line 68
[27-Jul-2023 17:17:55 UTC] PHP Warning:  Undefined array key "id" in C:\Users\FARASY Frangilio\Local Sites\mairie-app\app\public\wp-content\plugins\elementor\includes\managers\image.php on line 36
[27-Jul-2023 17:17:55 UTC] PHP Warning:  Undefined array key "id" in C:\Users\FARASY Frangilio\Local Sites\mairie-app\app\public\wp-content\plugins\elementor\includes\managers\image.php on line 36
[27-Jul-2023 17:17:55 UTC] PHP Warning:  Trying to access array offset on value of type bool in C:\Users\FARASY Frangilio\Local Sites\mairie-app\app\public\wp-content\plugins\elementor\includes\managers\image.php on line 108
[27-Jul-2023 17:17:55 UTC] PHP Warning:  Trying to access array offset on value of type bool in C:\Users\FARASY Frangilio\Local Sites\mairie-app\app\public\wp-content\plugins\elementor\includes\managers\image.php on line 108
[27-Jul-2023 17:17:55 UTC] PHP Warning:  Trying to access array offset on value of type bool in C:\Users\FARASY Frangilio\Local Sites\mairie-app\app\public\wp-content\plugins\elementor\includes\managers\image.php on line 108
[27-Jul-2023 17:17:55 UTC] PHP Warning:  Trying to access array offset on value of type bool in C:\Users\FARASY Frangilio\Local Sites\mairie-app\app\public\wp-content\plugins\elementor\includes\managers\image.php on line 108
[27-Jul-2023 17:17:55 UTC] PHP Warning:  Trying to access array offset on value of type bool in C:\Users\FARASY Frangilio\Local Sites\mairie-app\app\public\wp-content\plugins\elementor\includes\managers\image.php on line 108
[27-Jul-2023 17:17:55 UTC] PHP Warning:  Trying to access array offset on value of type bool in C:\Users\FARASY Frangilio\Local Sites\mairie-app\app\public\wp-content\plugins\elementor\includes\managers\image.php on line 108
[27-Jul-2023 17:17:55 UTC] PHP Warning:  Trying to access array offset on value of type bool in C:\Users\FARASY Frangilio\Local Sites\mairie-app\app\public\wp-content\plugins\elementor\includes\managers\image.php on line 108
[27-Jul-2023 17:17:55 UTC] PHP Warning:  Trying to access array offset on value of type bool in C:\Users\FARASY Frangilio\Local Sites\mairie-app\app\public\wp-content\plugins\elementor\includes\managers\image.php on line 108
[27-Jul-2023 17:56:12 UTC] PHP Warning:  Undefined array key "id" in C:\Users\FARASY Frangilio\Local Sites\mairie-app\app\public\wp-content\plugins\elementor\includes\managers\image.php on line 36
[27-Jul-2023 17:56:13 UTC] PHP Warning:  Undefined array key "id" in C:\Users\FARASY Frangilio\Local Sites\mairie-app\app\public\wp-content\plugins\elementor\includes\managers\image.php on line 36
[27-Jul-2023 17:56:13 UTC] PHP Warning:  Trying to access array offset on value of type bool in C:\Users\FARASY Frangilio\Local Sites\mairie-app\app\public\wp-content\plugins\elementor\includes\managers\image.php on line 108
[27-Jul-2023 17:56:13 UTC] PHP Warning:  Trying to access array offset on value of type bool in C:\Users\FARASY Frangilio\Local Sites\mairie-app\app\public\wp-content\plugins\elementor\includes\managers\image.php on line 108
[27-Jul-2023 17:56:13 UTC] PHP Warning:  Trying to access array offset on value of type bool in C:\Users\FARASY Frangilio\Local Sites\mairie-app\app\public\wp-content\plugins\elementor\includes\managers\image.php on line 108
[27-Jul-2023 17:56:13 UTC] PHP Warning:  Trying to access array offset on value of type bool in C:\Users\FARASY Frangilio\Local Sites\mairie-app\app\public\wp-content\plugins\elementor\includes\managers\image.php on line 108
[27-Jul-2023 17:56:13 UTC] PHP Warning:  Trying to access array offset on value of type bool in C:\Users\FARASY Frangilio\Local Sites\mairie-app\app\public\wp-content\plugins\elementor\includes\managers\image.php on line 108
[27-Jul-2023 17:56:13 UTC] PHP Warning:  Trying to access array offset on value of type bool in C:\Users\FARASY Frangilio\Local Sites\mairie-app\app\public\wp-content\plugins\elementor\includes\managers\image.php on line 108
[27-Jul-2023 17:56:13 UTC] PHP Warning:  Trying to access array offset on value of type bool in C:\Users\FARASY Frangilio\Local Sites\mairie-app\app\public\wp-content\plugins\elementor\includes\managers\image.php on line 108
[27-Jul-2023 17:56:13 UTC] PHP Warning:  Trying to access array offset on value of type bool in C:\Users\FARASY Frangilio\Local Sites\mairie-app\app\public\wp-content\plugins\elementor\includes\managers\image.php on line 108
[27-Jul-2023 17:56:23 UTC] PHP Warning:  Undefined array key "id" in C:\Users\FARASY Frangilio\Local Sites\mairie-app\app\public\wp-content\plugins\elementor\includes\managers\image.php on line 36
[27-Jul-2023 17:56:23 UTC] PHP Warning:  Undefined array key "id" in C:\Users\FARASY Frangilio\Local Sites\mairie-app\app\public\wp-content\plugins\elementor\includes\managers\image.php on line 36
[27-Jul-2023 17:56:23 UTC] PHP Warning:  Trying to access array offset on value of type bool in C:\Users\FARASY Frangilio\Local Sites\mairie-app\app\public\wp-content\plugins\elementor\includes\managers\image.php on line 108
[27-Jul-2023 17:56:23 UTC] PHP Warning:  Trying to access array offset on value of type bool in C:\Users\FARASY Frangilio\Local Sites\mairie-app\app\public\wp-content\plugins\elementor\includes\managers\image.php on line 108
[27-Jul-2023 17:56:23 UTC] PHP Warning:  Trying to access array offset on value of type bool in C:\Users\FARASY Frangilio\Local Sites\mairie-app\app\public\wp-content\plugins\elementor\includes\managers\image.php on line 108
[27-Jul-2023 17:56:23 UTC] PHP Warning:  Trying to access array offset on value of type bool in C:\Users\FARASY Frangilio\Local Sites\mairie-app\app\public\wp-content\plugins\elementor\includes\managers\image.php on line 108
[27-Jul-2023 17:56:23 UTC] PHP Warning:  Trying to access array offset on value of type bool in C:\Users\FARASY Frangilio\Local Sites\mairie-app\app\public\wp-content\plugins\elementor\includes\managers\image.php on line 108
[27-Jul-2023 17:56:23 UTC] PHP Warning:  Trying to access array offset on value of type bool in C:\Users\FARASY Frangilio\Local Sites\mairie-app\app\public\wp-content\plugins\elementor\includes\managers\image.php on line 108
[27-Jul-2023 17:56:23 UTC] PHP Warning:  Trying to access array offset on value of type bool in C:\Users\FARASY Frangilio\Local Sites\mairie-app\app\public\wp-content\plugins\elementor\includes\managers\image.php on line 108
[27-Jul-2023 17:56:23 UTC] PHP Warning:  Trying to access array offset on value of type bool in C:\Users\FARASY Frangilio\Local Sites\mairie-app\app\public\wp-content\plugins\elementor\includes\managers\image.php on line 108
[27-Jul-2023 18:55:56 UTC] PHP Warning:  Undefined array key "id" in C:\Users\FARASY Frangilio\Local Sites\mairie-app\app\public\wp-content\plugins\elementor\includes\managers\image.php on line 36
[27-Jul-2023 18:55:57 UTC] PHP Warning:  Undefined array key "id" in C:\Users\FARASY Frangilio\Local Sites\mairie-app\app\public\wp-content\plugins\elementor\includes\managers\image.php on line 36
[27-Jul-2023 18:55:57 UTC] PHP Warning:  Trying to access array offset on value of type bool in C:\Users\FARASY Frangilio\Local Sites\mairie-app\app\public\wp-content\plugins\elementor\includes\managers\image.php on line 108
[27-Jul-2023 18:55:57 UTC] PHP Warning:  Trying to access array offset on value of type bool in C:\Users\FARASY Frangilio\Local Sites\mairie-app\app\public\wp-content\plugins\elementor\includes\managers\image.php on line 108
[27-Jul-2023 18:55:57 UTC] PHP Warning:  Trying to access array offset on value of type bool in C:\Users\FARASY Frangilio\Local Sites\mairie-app\app\public\wp-content\plugins\elementor\includes\managers\image.php on line 108
[27-Jul-2023 18:55:57 UTC] PHP Warning:  Trying to access array offset on value of type bool in C:\Users\FARASY Frangilio\Local Sites\mairie-app\app\public\wp-content\plugins\elementor\includes\managers\image.php on line 108
[27-Jul-2023 18:55:57 UTC] PHP Warning:  Trying to access array offset on value of type bool in C:\Users\FARASY Frangilio\Local Sites\mairie-app\app\public\wp-content\plugins\elementor\includes\managers\image.php on line 108
[27-Jul-2023 18:55:57 UTC] PHP Warning:  Trying to access array offset on value of type bool in C:\Users\FARASY Frangilio\Local Sites\mairie-app\app\public\wp-content\plugins\elementor\includes\managers\image.php on line 108
[27-Jul-2023 18:55:57 UTC] PHP Warning:  Trying to access array offset on value of type bool in C:\Users\FARASY Frangilio\Local Sites\mairie-app\app\public\wp-content\plugins\elementor\includes\managers\image.php on line 108
[27-Jul-2023 18:55:57 UTC] PHP Warning:  Trying to access array offset on value of type bool in C:\Users\FARASY Frangilio\Local Sites\mairie-app\app\public\wp-content\plugins\elementor\includes\managers\image.php on line 108
[27-Jul-2023 18:56:05 UTC] PHP Warning:  Undefined array key "id" in C:\Users\FARASY Frangilio\Local Sites\mairie-app\app\public\wp-content\plugins\elementor\includes\managers\image.php on line 36
[27-Jul-2023 18:56:05 UTC] PHP Warning:  Undefined array key "id" in C:\Users\FARASY Frangilio\Local Sites\mairie-app\app\public\wp-content\plugins\elementor\includes\managers\image.php on line 36
[27-Jul-2023 18:56:05 UTC] PHP Warning:  Trying to access array offset on value of type bool in C:\Users\FARASY Frangilio\Local Sites\mairie-app\app\public\wp-content\plugins\elementor\includes\managers\image.php on line 108
[27-Jul-2023 18:56:05 UTC] PHP Warning:  Trying to access array offset on value of type bool in C:\Users\FARASY Frangilio\Local Sites\mairie-app\app\public\wp-content\plugins\elementor\includes\managers\image.php on line 108
[27-Jul-2023 18:56:05 UTC] PHP Warning:  Trying to access array offset on value of type bool in C:\Users\FARASY Frangilio\Local Sites\mairie-app\app\public\wp-content\plugins\elementor\includes\managers\image.php on line 108
[27-Jul-2023 18:56:05 UTC] PHP Warning:  Trying to access array offset on value of type bool in C:\Users\FARASY Frangilio\Local Sites\mairie-app\app\public\wp-content\plugins\elementor\includes\managers\image.php on line 108
[27-Jul-2023 18:56:05 UTC] PHP Warning:  Trying to access array offset on value of type bool in C:\Users\FARASY Frangilio\Local Sites\mairie-app\app\public\wp-content\plugins\elementor\includes\managers\image.php on line 108
[27-Jul-2023 18:56:05 UTC] PHP Warning:  Trying to access array offset on value of type bool in C:\Users\FARASY Frangilio\Local Sites\mairie-app\app\public\wp-content\plugins\elementor\includes\managers\image.php on line 108
[27-Jul-2023 18:56:05 UTC] PHP Warning:  Trying to access array offset on value of type bool in C:\Users\FARASY Frangilio\Local Sites\mairie-app\app\public\wp-content\plugins\elementor\includes\managers\image.php on line 108
[27-Jul-2023 18:56:05 UTC] PHP Warning:  Trying to access array offset on value of type bool in C:\Users\FARASY Frangilio\Local Sites\mairie-app\app\public\wp-content\plugins\elementor\includes\managers\image.php on line 108
[27-Jul-2023 19:01:19 UTC] PHP Warning:  Undefined array key "id" in C:\Users\FARASY Frangilio\Local Sites\mairie-app\app\public\wp-content\plugins\elementor\includes\managers\image.php on line 36
[27-Jul-2023 19:01:19 UTC] PHP Warning:  Undefined array key "id" in C:\Users\FARASY Frangilio\Local Sites\mairie-app\app\public\wp-content\plugins\elementor\includes\managers\image.php on line 36
[27-Jul-2023 19:01:19 UTC] PHP Warning:  Trying to access array offset on value of type bool in C:\Users\FARASY Frangilio\Local Sites\mairie-app\app\public\wp-content\plugins\elementor\includes\managers\image.php on line 108
[27-Jul-2023 19:01:19 UTC] PHP Warning:  Trying to access array offset on value of type bool in C:\Users\FARASY Frangilio\Local Sites\mairie-app\app\public\wp-content\plugins\elementor\includes\managers\image.php on line 108
[27-Jul-2023 19:01:19 UTC] PHP Warning:  Trying to access array offset on value of type bool in C:\Users\FARASY Frangilio\Local Sites\mairie-app\app\public\wp-content\plugins\elementor\includes\managers\image.php on line 108
[27-Jul-2023 19:01:19 UTC] PHP Warning:  Trying to access array offset on value of type bool in C:\Users\FARASY Frangilio\Local Sites\mairie-app\app\public\wp-content\plugins\elementor\includes\managers\image.php on line 108
[27-Jul-2023 19:01:19 UTC] PHP Warning:  Trying to access array offset on value of type bool in C:\Users\FARASY Frangilio\Local Sites\mairie-app\app\public\wp-content\plugins\elementor\includes\managers\image.php on line 108
[27-Jul-2023 19:01:19 UTC] PHP Warning:  Trying to access array offset on value of type bool in C:\Users\FARASY Frangilio\Local Sites\mairie-app\app\public\wp-content\plugins\elementor\includes\managers\image.php on line 108
[27-Jul-2023 19:01:19 UTC] PHP Warning:  Trying to access array offset on value of type bool in C:\Users\FARASY Frangilio\Local Sites\mairie-app\app\public\wp-content\plugins\elementor\includes\managers\image.php on line 108
[27-Jul-2023 19:01:19 UTC] PHP Warning:  Trying to access array offset on value of type bool in C:\Users\FARASY Frangilio\Local Sites\mairie-app\app\public\wp-content\plugins\elementor\includes\managers\image.php on line 108
[27-Jul-2023 19:01:19 UTC] PHP Warning:  Undefined array key "id" in C:\Users\FARASY Frangilio\Local Sites\mairie-app\app\public\wp-content\plugins\elementor\includes\managers\image.php on line 36
[27-Jul-2023 19:01:19 UTC] PHP Warning:  Undefined array key "id" in C:\Users\FARASY Frangilio\Local Sites\mairie-app\app\public\wp-content\plugins\elementor\includes\managers\image.php on line 36
[27-Jul-2023 19:01:19 UTC] PHP Warning:  Trying to access array offset on value of type bool in C:\Users\FARASY Frangilio\Local Sites\mairie-app\app\public\wp-content\plugins\elementor\includes\managers\image.php on line 108
[27-Jul-2023 19:01:19 UTC] PHP Warning:  Trying to access array offset on value of type bool in C:\Users\FARASY Frangilio\Local Sites\mairie-app\app\public\wp-content\plugins\elementor\includes\managers\image.php on line 108
[27-Jul-2023 19:01:19 UTC] PHP Warning:  Trying to access array offset on value of type bool in C:\Users\FARASY Frangilio\Local Sites\mairie-app\app\public\wp-content\plugins\elementor\includes\managers\image.php on line 108
[27-Jul-2023 19:01:19 UTC] PHP Warning:  Trying to access array offset on value of type bool in C:\Users\FARASY Frangilio\Local Sites\mairie-app\app\public\wp-content\plugins\elementor\includes\managers\image.php on line 108
[27-Jul-2023 19:01:19 UTC] PHP Warning:  Trying to access array offset on value of type bool in C:\Users\FARASY Frangilio\Local Sites\mairie-app\app\public\wp-content\plugins\elementor\includes\managers\image.php on line 108
[27-Jul-2023 19:01:19 UTC] PHP Warning:  Trying to access array offset on value of type bool in C:\Users\FARASY Frangilio\Local Sites\mairie-app\app\public\wp-content\plugins\elementor\includes\managers\image.php on line 108
[27-Jul-2023 19:01:19 UTC] PHP Warning:  Trying to access array offset on value of type bool in C:\Users\FARASY Frangilio\Local Sites\mairie-app\app\public\wp-content\plugins\elementor\includes\managers\image.php on line 108
[27-Jul-2023 19:01:19 UTC] PHP Warning:  Trying to access array offset on value of type bool in C:\Users\FARASY Frangilio\Local Sites\mairie-app\app\public\wp-content\plugins\elementor\includes\managers\image.php on line 108
[27-Jul-2023 19:01:19 UTC] PHP Warning:  Undefined array key "id" in C:\Users\FARASY Frangilio\Local Sites\mairie-app\app\public\wp-content\plugins\elementor\includes\managers\image.php on line 36
[27-Jul-2023 19:01:19 UTC] PHP Warning:  Undefined array key "id" in C:\Users\FARASY Frangilio\Local Sites\mairie-app\app\public\wp-content\plugins\elementor\includes\managers\image.php on line 36
[27-Jul-2023 19:01:19 UTC] PHP Warning:  Trying to access array offset on value of type bool in C:\Users\FARASY Frangilio\Local Sites\mairie-app\app\public\wp-content\plugins\elementor\includes\managers\image.php on line 108
[27-Jul-2023 19:01:19 UTC] PHP Warning:  Trying to access array offset on value of type bool in C:\Users\FARASY Frangilio\Local Sites\mairie-app\app\public\wp-content\plugins\elementor\includes\managers\image.php on line 108
[27-Jul-2023 19:01:19 UTC] PHP Warning:  Trying to access array offset on value of type bool in C:\Users\FARASY Frangilio\Local Sites\mairie-app\app\public\wp-content\plugins\elementor\includes\managers\image.php on line 108
[27-Jul-2023 19:01:19 UTC] PHP Warning:  Trying to access array offset on value of type bool in C:\Users\FARASY Frangilio\Local Sites\mairie-app\app\public\wp-content\plugins\elementor\includes\managers\image.php on line 108
[27-Jul-2023 19:01:19 UTC] PHP Warning:  Trying to access array offset on value of type bool in C:\Users\FARASY Frangilio\Local Sites\mairie-app\app\public\wp-content\plugins\elementor\includes\managers\image.php on line 108
[27-Jul-2023 19:01:19 UTC] PHP Warning:  Trying to access array offset on value of type bool in C:\Users\FARASY Frangilio\Local Sites\mairie-app\app\public\wp-content\plugins\elementor\includes\managers\image.php on line 108
[27-Jul-2023 19:01:19 UTC] PHP Warning:  Trying to access array offset on value of type bool in C:\Users\FARASY Frangilio\Local Sites\mairie-app\app\public\wp-content\plugins\elementor\includes\managers\image.php on line 108
[27-Jul-2023 19:01:19 UTC] PHP Warning:  Trying to access array offset on value of type bool in C:\Users\FARASY Frangilio\Local Sites\mairie-app\app\public\wp-content\plugins\elementor\includes\managers\image.php on line 108
[27-Jul-2023 20:02:07 UTC] PHP Warning:  Undefined array key "id" in C:\Users\FARASY Frangilio\Local Sites\mairie-app\app\public\wp-content\plugins\elementor\includes\managers\image.php on line 36
[27-Jul-2023 20:02:07 UTC] PHP Warning:  Undefined array key "id" in C:\Users\FARASY Frangilio\Local Sites\mairie-app\app\public\wp-content\plugins\elementor\includes\managers\image.php on line 36
[27-Jul-2023 20:02:07 UTC] PHP Warning:  Trying to access array offset on value of type bool in C:\Users\FARASY Frangilio\Local Sites\mairie-app\app\public\wp-content\plugins\elementor\includes\managers\image.php on line 108
[27-Jul-2023 20:02:07 UTC] PHP Warning:  Trying to access array offset on value of type bool in C:\Users\FARASY Frangilio\Local Sites\mairie-app\app\public\wp-content\plugins\elementor\includes\managers\image.php on line 108
[27-Jul-2023 20:02:07 UTC] PHP Warning:  Trying to access array offset on value of type bool in C:\Users\FARASY Frangilio\Local Sites\mairie-app\app\public\wp-content\plugins\elementor\includes\managers\image.php on line 108
[27-Jul-2023 20:02:07 UTC] PHP Warning:  Trying to access array offset on value of type bool in C:\Users\FARASY Frangilio\Local Sites\mairie-app\app\public\wp-content\plugins\elementor\includes\managers\image.php on line 108
[27-Jul-2023 20:02:07 UTC] PHP Warning:  Trying to access array offset on value of type bool in C:\Users\FARASY Frangilio\Local Sites\mairie-app\app\public\wp-content\plugins\elementor\includes\managers\image.php on line 108
[27-Jul-2023 20:02:07 UTC] PHP Warning:  Trying to access array offset on value of type bool in C:\Users\FARASY Frangilio\Local Sites\mairie-app\app\public\wp-content\plugins\elementor\includes\managers\image.php on line 108
[27-Jul-2023 20:02:07 UTC] PHP Warning:  Trying to access array offset on value of type bool in C:\Users\FARASY Frangilio\Local Sites\mairie-app\app\public\wp-content\plugins\elementor\includes\managers\image.php on line 108
[27-Jul-2023 20:02:07 UTC] PHP Warning:  Trying to access array offset on value of type bool in C:\Users\FARASY Frangilio\Local Sites\mairie-app\app\public\wp-content\plugins\elementor\includes\managers\image.php on line 108
[28-Jul-2023 04:49:31 UTC] PHP Warning:  Undefined array key "id" in C:\Users\FARASY Frangilio\Local Sites\mairie-app\app\public\wp-content\plugins\elementor\includes\managers\image.php on line 36
[28-Jul-2023 04:49:31 UTC] PHP Warning:  Undefined array key "id" in C:\Users\FARASY Frangilio\Local Sites\mairie-app\app\public\wp-content\plugins\elementor\includes\managers\image.php on line 36
[28-Jul-2023 04:49:31 UTC] PHP Warning:  Trying to access array offset on value of type bool in C:\Users\FARASY Frangilio\Local Sites\mairie-app\app\public\wp-content\plugins\elementor\includes\managers\image.php on line 108
[28-Jul-2023 04:49:31 UTC] PHP Warning:  Trying to access array offset on value of type bool in C:\Users\FARASY Frangilio\Local Sites\mairie-app\app\public\wp-content\plugins\elementor\includes\managers\image.php on line 108
[28-Jul-2023 04:49:31 UTC] PHP Warning:  Trying to access array offset on value of type bool in C:\Users\FARASY Frangilio\Local Sites\mairie-app\app\public\wp-content\plugins\elementor\includes\managers\image.php on line 108
[28-Jul-2023 04:49:31 UTC] PHP Warning:  Trying to access array offset on value of type bool in C:\Users\FARASY Frangilio\Local Sites\mairie-app\app\public\wp-content\plugins\elementor\includes\managers\image.php on line 108
[28-Jul-2023 04:49:31 UTC] PHP Warning:  Trying to access array offset on value of type bool in C:\Users\FARASY Frangilio\Local Sites\mairie-app\app\public\wp-content\plugins\elementor\includes\managers\image.php on line 108
[28-Jul-2023 04:49:31 UTC] PHP Warning:  Trying to access array offset on value of type bool in C:\Users\FARASY Frangilio\Local Sites\mairie-app\app\public\wp-content\plugins\elementor\includes\managers\image.php on line 108
[28-Jul-2023 04:49:31 UTC] PHP Warning:  Trying to access array offset on value of type bool in C:\Users\FARASY Frangilio\Local Sites\mairie-app\app\public\wp-content\plugins\elementor\includes\managers\image.php on line 108
[28-Jul-2023 04:49:31 UTC] PHP Warning:  Trying to access array offset on value of type bool in C:\Users\FARASY Frangilio\Local Sites\mairie-app\app\public\wp-content\plugins\elementor\includes\managers\image.php on line 108
[28-Jul-2023 05:10:01 UTC] PHP Warning:  Undefined array key "id" in C:\Users\FARASY Frangilio\Local Sites\mairie-app\app\public\wp-content\plugins\elementor\includes\managers\image.php on line 36
[28-Jul-2023 05:10:01 UTC] PHP Warning:  Undefined array key "id" in C:\Users\FARASY Frangilio\Local Sites\mairie-app\app\public\wp-content\plugins\elementor\includes\managers\image.php on line 36
[28-Jul-2023 05:10:01 UTC] PHP Warning:  Trying to access array offset on value of type bool in C:\Users\FARASY Frangilio\Local Sites\mairie-app\app\public\wp-content\plugins\elementor\includes\managers\image.php on line 108
[28-Jul-2023 05:10:01 UTC] PHP Warning:  Trying to access array offset on value of type bool in C:\Users\FARASY Frangilio\Local Sites\mairie-app\app\public\wp-content\plugins\elementor\includes\managers\image.php on line 108
[28-Jul-2023 05:10:01 UTC] PHP Warning:  Trying to access array offset on value of type bool in C:\Users\FARASY Frangilio\Local Sites\mairie-app\app\public\wp-content\plugins\elementor\includes\managers\image.php on line 108
[28-Jul-2023 05:10:01 UTC] PHP Warning:  Trying to access array offset on value of type bool in C:\Users\FARASY Frangilio\Local Sites\mairie-app\app\public\wp-content\plugins\elementor\includes\managers\image.php on line 108
[28-Jul-2023 05:10:01 UTC] PHP Warning:  Trying to access array offset on value of type bool in C:\Users\FARASY Frangilio\Local Sites\mairie-app\app\public\wp-content\plugins\elementor\includes\managers\image.php on line 108
[28-Jul-2023 05:10:01 UTC] PHP Warning:  Trying to access array offset on value of type bool in C:\Users\FARASY Frangilio\Local Sites\mairie-app\app\public\wp-content\plugins\elementor\includes\managers\image.php on line 108
[28-Jul-2023 05:10:01 UTC] PHP Warning:  Trying to access array offset on value of type bool in C:\Users\FARASY Frangilio\Local Sites\mairie-app\app\public\wp-content\plugins\elementor\includes\managers\image.php on line 108
[28-Jul-2023 05:10:01 UTC] PHP Warning:  Trying to access array offset on value of type bool in C:\Users\FARASY Frangilio\Local Sites\mairie-app\app\public\wp-content\plugins\elementor\includes\managers\image.php on line 108
[28-Jul-2023 05:18:44 UTC] PHP Warning:  Undefined array key "id" in C:\Users\FARASY Frangilio\Local Sites\mairie-app\app\public\wp-content\plugins\elementor\includes\managers\image.php on line 36
[28-Jul-2023 05:18:44 UTC] PHP Warning:  Undefined array key "id" in C:\Users\FARASY Frangilio\Local Sites\mairie-app\app\public\wp-content\plugins\elementor\includes\managers\image.php on line 36
[28-Jul-2023 05:18:44 UTC] PHP Warning:  Trying to access array offset on value of type bool in C:\Users\FARASY Frangilio\Local Sites\mairie-app\app\public\wp-content\plugins\elementor\includes\managers\image.php on line 108
[28-Jul-2023 05:18:44 UTC] PHP Warning:  Trying to access array offset on value of type bool in C:\Users\FARASY Frangilio\Local Sites\mairie-app\app\public\wp-content\plugins\elementor\includes\managers\image.php on line 108
[28-Jul-2023 05:18:44 UTC] PHP Warning:  Trying to access array offset on value of type bool in C:\Users\FARASY Frangilio\Local Sites\mairie-app\app\public\wp-content\plugins\elementor\includes\managers\image.php on line 108
[28-Jul-2023 05:18:44 UTC] PHP Warning:  Trying to access array offset on value of type bool in C:\Users\FARASY Frangilio\Local Sites\mairie-app\app\public\wp-content\plugins\elementor\includes\managers\image.php on line 108
[28-Jul-2023 05:18:44 UTC] PHP Warning:  Trying to access array offset on value of type bool in C:\Users\FARASY Frangilio\Local Sites\mairie-app\app\public\wp-content\plugins\elementor\includes\managers\image.php on line 108
[28-Jul-2023 05:18:44 UTC] PHP Warning:  Trying to access array offset on value of type bool in C:\Users\FARASY Frangilio\Local Sites\mairie-app\app\public\wp-content\plugins\elementor\includes\managers\image.php on line 108
[28-Jul-2023 05:18:44 UTC] PHP Warning:  Trying to access array offset on value of type bool in C:\Users\FARASY Frangilio\Local Sites\mairie-app\app\public\wp-content\plugins\elementor\includes\managers\image.php on line 108
[28-Jul-2023 05:18:44 UTC] PHP Warning:  Trying to access array offset on value of type bool in C:\Users\FARASY Frangilio\Local Sites\mairie-app\app\public\wp-content\plugins\elementor\includes\managers\image.php on line 108
